<?xml version="1.0" encoding="UTF-8"?>
<!-- Generated by org.testng.reporters.JUnitReportReporter -->
<testsuite skipped="0" hostname="SVINDK00026" name="com.poc.RestassuredDemoTest" tests="1" failures="0" timestamp="06 Dec 2019 09:29:30 GMT" time="0.010" errors="0">
  <testcase name="main" time="0.010" classname="com.poc.RestassuredDemoTest"/>
</testsuite> <!-- com.poc.RestassuredDemoTest -->
