<?xml version="1.0" encoding="UTF-8"?>
<!-- Generated by org.testng.reporters.JUnitReportReporter -->
<testsuite skipped="0" hostname="SVINDK00026" name="com.demo.ApiTestScripts.GetRequestDemo" tests="1" failures="0" timestamp="09 Dec 2019 07:22:01 GMT" time="1.583" errors="0">
  <testcase name="main" time="1.583" classname="com.demo.ApiTestScripts.GetRequestDemo"/>
</testsuite> <!-- com.demo.ApiTestScripts.GetRequestDemo -->
